Testing inside file bitwise.s

Code Under Test
	PC: 26	bl    bitwise         
	PC: 0 	mov   r3  #0          
	PC: 1 	eor   r4  r0  r1      
	PC: 2 	and   r4  r4  #1      
	PC: 3 	cmp   r4  #0          
	PC: 4 	beq   res_not         
	PC: 5 	eor   r4  r4  #1      
	PC: 6 	b     s2              
	PC: 7 	mvn   r4  #1          
	PC: 8 	and   r3  r3  r4      
	PC: 9 	and   r4  r1  r0      
	PC: 10	and   r4  r4  #2      
	PC: 11	cmp   r4  #0          
	PC: 12	beq   resr            
	PC: 13	lsl   r3  r3  #2      
	PC: 14	b     s3              
	PC: 15	lsr   r3  r3  #2      
	PC: 16	orr   r4  r0  r1      
	PC: 17	and   r4  r4  #4      
	PC: 18	cmp   r4  #0          
	PC: 19	beq   end             
	PC: 20	eor   r3  r3  #15     
	PC: 21	mov   r0  r3          
	PC: 22	bx    lr              
	PC: 27	out   r0              
	PC: 28	ace_end               

====================   Iteration 1   ====================
Test Input: 
	r0 = 0
	r1 = 0

